<?xml version="1.0" encoding="UTF-8"?>
<!-- Generated by org.testng.reporters.JUnitReportReporter -->
<testsuite skipped="0" hostname="Taruns-MacBook-Pro.local" name="tests.WebScenario" tests="1" failures="0" timestamp="21 Feb 2022 21:05:28 GMT" time="3.028" errors="0">
  <testcase name="validateTablesAreSame" time="3.028" classname="tests.WebScenario"/>
</testsuite> <!-- tests.WebScenario -->
