<?xml version="1.0" encoding="UTF-8"?>
<!-- Generated by org.testng.reporters.JUnitReportReporter -->
<testsuite skipped="0" hostname="Taruns-MacBook-Pro.local" name="tests.WebScenario" tests="1" failures="0" timestamp="15 Feb 2022 16:21:00 GMT" time="3.367" errors="0">
  <testcase name="validateTablesAreSame" time="3.367" classname="tests.WebScenario"/>
</testsuite> <!-- tests.WebScenario -->
