<?xml version="1.0" encoding="UTF-8"?>
<!-- Generated by org.testng.reporters.JUnitReportReporter -->
<testsuite skipped="0" hostname="Taruns-MacBook-Pro.local" name="tests.WebScenario" tests="1" failures="0" timestamp="21 Feb 2022 17:55:09 GMT" time="4.066" errors="0">
  <testcase name="validateTablesAreSame" time="4.066" classname="tests.WebScenario"/>
</testsuite> <!-- tests.WebScenario -->
